0 info it worked if it ends with ok
1 verbose cli [ '/usr/local/bin/node',
1 verbose cli   '/usr/local/bin/npm',
1 verbose cli   'install',
1 verbose cli   '-g',
1 verbose cli   'n' ]
2 info using npm@3.9.3
3 info using node@v6.2.1
4 silly loadCurrentTree Starting
5 silly install loadCurrentTree
6 silly install readGlobalPackageData
7 silly fetchPackageMetaData n
8 silly fetchNamedPackageData n
9 silly mapToRegistry name n
10 silly mapToRegistry using default registry
11 silly mapToRegistry registry https://registry.npmjs.org/
12 silly mapToRegistry data Result {
12 silly mapToRegistry   raw: 'n',
12 silly mapToRegistry   scope: null,
12 silly mapToRegistry   name: 'n',
12 silly mapToRegistry   rawSpec: '',
12 silly mapToRegistry   spec: 'latest',
12 silly mapToRegistry   type: 'tag' }
13 silly mapToRegistry uri https://registry.npmjs.org/n
14 verbose request uri https://registry.npmjs.org/n
15 verbose request no auth needed
16 info attempt registry request try #1 at 5:01:07 PM
17 verbose request id a7aaa0e51b81de96
18 verbose etag "DRKV01WASHLH51N7LEJCYK1MP"
19 http request GET https://registry.npmjs.org/n
20 http 200 https://registry.npmjs.org/n
21 verbose headers { server: 'nginx/1.10.1',
21 verbose headers   'content-type': 'application/json',
21 verbose headers   'last-modified': 'Mon, 14 Aug 2017 22:25:16 GMT',
21 verbose headers   etag: 'W/"5992234c-116ad"',
21 verbose headers   'content-encoding': 'gzip',
21 verbose headers   'cache-control': 'max-age=300',
21 verbose headers   'content-length': '11781',
21 verbose headers   'accept-ranges': 'bytes',
21 verbose headers   date: 'Sat, 19 Aug 2017 21:01:06 GMT',
21 verbose headers   via: '1.1 varnish',
21 verbose headers   age: '66',
21 verbose headers   connection: 'keep-alive',
21 verbose headers   'x-served-by': 'cache-ord1735-ORD',
21 verbose headers   'x-cache': 'HIT',
21 verbose headers   'x-cache-hits': '1',
21 verbose headers   'x-timer': 'S1503176466.283846,VS0,VE0',
21 verbose headers   vary: 'Accept-Encoding, Accept' }
22 silly get cb [ 200,
22 silly get   { server: 'nginx/1.10.1',
22 silly get     'content-type': 'application/json',
22 silly get     'last-modified': 'Mon, 14 Aug 2017 22:25:16 GMT',
22 silly get     etag: 'W/"5992234c-116ad"',
22 silly get     'content-encoding': 'gzip',
22 silly get     'cache-control': 'max-age=300',
22 silly get     'content-length': '11781',
22 silly get     'accept-ranges': 'bytes',
22 silly get     date: 'Sat, 19 Aug 2017 21:01:06 GMT',
22 silly get     via: '1.1 varnish',
22 silly get     age: '66',
22 silly get     connection: 'keep-alive',
22 silly get     'x-served-by': 'cache-ord1735-ORD',
22 silly get     'x-cache': 'HIT',
22 silly get     'x-cache-hits': '1',
22 silly get     'x-timer': 'S1503176466.283846,VS0,VE0',
22 silly get     vary: 'Accept-Encoding, Accept' } ]
23 verbose get saving n to /Users/cgreff/.npm/registry.npmjs.org/n/.cache.json
24 verbose correctMkdir /Users/cgreff/.npm correctMkdir not in flight; initializing
25 silly install normalizeTree
26 silly loadCurrentTree Finishing
27 silly loadIdealTree Starting
28 silly install loadIdealTree
29 silly cloneCurrentTree Starting
30 silly install cloneCurrentTreeToIdealTree
31 silly cloneCurrentTree Finishing
32 silly loadShrinkwrap Starting
33 silly install loadShrinkwrap
34 silly loadShrinkwrap Finishing
35 silly loadAllDepsIntoIdealTree Starting
36 silly install loadAllDepsIntoIdealTree
37 silly resolveWithNewModule n@2.1.8 checking installable status
38 silly cache add args [ 'n', null ]
39 verbose cache add spec n
40 silly cache add parsed spec Result {
40 silly cache add   raw: 'n',
40 silly cache add   scope: null,
40 silly cache add   name: 'n',
40 silly cache add   rawSpec: '',
40 silly cache add   spec: 'latest',
40 silly cache add   type: 'tag' }
41 silly addNamed n@latest
42 verbose addNamed "latest" is being treated as a dist-tag for n
43 info addNameTag [ 'n', 'latest' ]
44 silly mapToRegistry name n
45 silly mapToRegistry using default registry
46 silly mapToRegistry registry https://registry.npmjs.org/
47 silly mapToRegistry data Result {
47 silly mapToRegistry   raw: 'n',
47 silly mapToRegistry   scope: null,
47 silly mapToRegistry   name: 'n',
47 silly mapToRegistry   rawSpec: '',
47 silly mapToRegistry   spec: 'latest',
47 silly mapToRegistry   type: 'tag' }
48 silly mapToRegistry uri https://registry.npmjs.org/n
49 verbose addNameTag registry:https://registry.npmjs.org/n not in flight; fetching
50 verbose get https://registry.npmjs.org/n not expired, no request
51 silly addNameTag next cb for n with tag latest
52 silly addNamed n@2.1.8
53 verbose addNamed "2.1.8" is a plain semver version for n
54 silly mapToRegistry name n
55 silly mapToRegistry using default registry
56 silly mapToRegistry registry https://registry.npmjs.org/
57 silly mapToRegistry data Result {
57 silly mapToRegistry   raw: 'n',
57 silly mapToRegistry   scope: null,
57 silly mapToRegistry   name: 'n',
57 silly mapToRegistry   rawSpec: '',
57 silly mapToRegistry   spec: 'latest',
57 silly mapToRegistry   type: 'tag' }
58 silly mapToRegistry uri https://registry.npmjs.org/n
59 verbose addRemoteTarball https://registry.npmjs.org/n/-/n-2.1.8.tgz not in flight; adding
60 verbose addRemoteTarball [ 'https://registry.npmjs.org/n/-/n-2.1.8.tgz',
60 verbose addRemoteTarball   '9b770f6ae0a93c49c64fb614625a63cc5a22d1fd' ]
61 info retry fetch attempt 1 at 5:01:07 PM
62 info attempt registry request try #1 at 5:01:07 PM
63 http fetch GET https://registry.npmjs.org/n/-/n-2.1.8.tgz
64 http fetch 200 https://registry.npmjs.org/n/-/n-2.1.8.tgz
65 silly fetchAndShaCheck shasum 9b770f6ae0a93c49c64fb614625a63cc5a22d1fd
66 verbose addTmpTarball /var/folders/wn/0p1w0sy50s18pb9fp_qfbsyr0000gn/T/npm-36535-51b32964/registry.npmjs.org/n/-/n-2.1.8.tgz not in flight; adding
67 verbose addTmpTarball already have metadata; skipping unpack for n@2.1.8
68 verbose correctMkdir /Users/cgreff/.npm correctMkdir not in flight; initializing
69 silly cache afterAdd n@2.1.8
70 verbose afterAdd /Users/cgreff/.npm/n/2.1.8/package/package.json not in flight; writing
71 verbose correctMkdir /Users/cgreff/.npm correctMkdir not in flight; initializing
72 verbose afterAdd /Users/cgreff/.npm/n/2.1.8/package/package.json written
73 silly loadAllDepsIntoIdealTree Finishing
74 silly idealTree:prePrune lib
74 silly idealTree:prePrune └── n@2.1.8
75 silly loadIdealTree Finishing
76 silly currentTree lib
76 silly currentTree └── n@2.1.0
77 silly idealTree lib
77 silly idealTree └── n@2.1.8
78 silly generateActionsToTake Starting
79 silly install generateActionsToTake
80 warn checkPermissions Missing write access to /usr/local/lib/node_modules/n
81 warn checkPermissions Missing write access to /usr/local/lib/node_modules
82 silly rollbackFailedOptional Starting
83 silly rollbackFailedOptional Finishing
84 silly runTopLevelLifecycles Starting
85 silly runTopLevelLifecycles Finishing
86 silly install printInstalled
87 verbose stack Error: EACCES: permission denied, access '/usr/local/lib/node_modules/n'
87 verbose stack     at Error (native)
88 verbose cwd /Users/cgreff/Projects/wedding
89 error Darwin 14.0.0
90 error argv "/usr/local/bin/node" "/usr/local/bin/npm" "install" "-g" "n"
91 error node v6.2.1
92 error npm  v3.9.3
93 error path /usr/local/lib/node_modules/n
94 error code EACCES
95 error errno -13
96 error syscall access
97 error Error: EACCES: permission denied, access '/usr/local/lib/node_modules/n'
97 error     at Error (native)
97 error  { Error: EACCES: permission denied, access '/usr/local/lib/node_modules/n'
97 error     at Error (native)
97 error   errno: -13,
97 error   code: 'EACCES',
97 error   syscall: 'access',
97 error   path: '/usr/local/lib/node_modules/n' }
98 error Please try running this command again as root/Administrator.
99 verbose exit [ -13, true ]
